1645174200772	geckodriver	INFO	Listening on 127.0.0.1:56197
1645174203796	mozrunner::runner	INFO	Running command: "C:\\Program Files\\Mozilla Firefox\\firefox.exe" "--marionette" "-foreground" "-no-remote" "-profile" "C:\\Users\\kyler\\AppData\\Local\\Temp\\rust_mozprofileoolqaH"
1645174204021	Marionette	INFO	Marionette enabled
console.warn: SearchSettings: "get: No settings file exists, new profile?" (new NotFoundError("Could not open the file at C:\\Users\\kyler\\AppData\\Local\\Temp\\rust_mozprofileoolqaH\\search.json.mozlz4", (void 0)))
1645174205880	Marionette	INFO	Listening on port 56205
1645174205943	RemoteAgent	WARN	TLS certificate errors will be ignored for this session
JavaScript warning: https://www.bestbuy.com/qZ_XHy1PkeTN/rFn_h1/zQQI2S/iG5zpDfm/GSkCcA/LCwE/FQhgMD4, line 1: WEBGL_debug_renderer_info is deprecated in Firefox and will be removed. Please use RENDERER.
JavaScript warning: https://pagead2.googlesyndication.com/bg/IfvWsR8c8QoIXMZVBAT6kqVdCzRxsMqQy0C-AEZrj6Q.js line 1 > eval line 2619 > eval line 1 > eval line 1 > eval, line 1: WEBGL_debug_renderer_info is deprecated in Firefox and will be removed. Please use RENDERER.
1645174336701	geckodriver	INFO	Listening on 127.0.0.1:56455
1645174339735	mozrunner::runner	INFO	Running command: "C:\\Program Files\\Mozilla Firefox\\firefox.exe" "--marionette" "-foreground" "-no-remote" "-profile" "C:\\Users\\kyler\\AppData\\Local\\Temp\\rust_mozprofileZOzvII"
1645174339952	Marionette	INFO	Marionette enabled
console.warn: SearchSettings: "get: No settings file exists, new profile?" (new NotFoundError("Could not open the file at C:\\Users\\kyler\\AppData\\Local\\Temp\\rust_mozprofileZOzvII\\search.json.mozlz4", (void 0)))
1645174341500	Marionette	INFO	Listening on port 56463
1645174341778	RemoteAgent	WARN	TLS certificate errors will be ignored for this session
JavaScript warning: https://www.bestbuy.com/qZ_XHy1PkeTN/rFn_h1/zQQI2S/iG5zpDfm/GSkCcA/LCwE/FQhgMD4, line 1: WEBGL_debug_renderer_info is deprecated in Firefox and will be removed. Please use RENDERER.
JavaScript warning: https://pagead2.googlesyndication.com/bg/IfvWsR8c8QoIXMZVBAT6kqVdCzRxsMqQy0C-AEZrj6Q.js line 1 > eval line 7250 > eval line 1 > eval line 1 > eval, line 1: WEBGL_debug_renderer_info is deprecated in Firefox and will be removed. Please use RENDERER.
JavaScript warning: https://pagead2.googlesyndication.com/bg/IfvWsR8c8QoIXMZVBAT6kqVdCzRxsMqQy0C-AEZrj6Q.js line 1 > eval line 6133 > eval line 1 > eval line 1 > eval, line 1: WEBGL_debug_renderer_info is deprecated in Firefox and will be removed. Please use RENDERER.
JavaScript warning: https://pagead2.googlesyndication.com/bg/IfvWsR8c8QoIXMZVBAT6kqVdCzRxsMqQy0C-AEZrj6Q.js line 1 > eval line 2925 > eval line 1 > eval line 1 > eval, line 1: WEBGL_debug_renderer_info is deprecated in Firefox and will be removed. Please use RENDERER.
1645174530864	geckodriver	INFO	Listening on 127.0.0.1:56935
1645174533900	mozrunner::runner	INFO	Running command: "C:\\Program Files\\Mozilla Firefox\\firefox.exe" "--marionette" "-foreground" "-no-remote" "-profile" "C:\\Users\\kyler\\AppData\\Local\\Temp\\rust_mozprofilej0LdCo"
1645174534109	Marionette	INFO	Marionette enabled
console.warn: SearchSettings: "get: No settings file exists, new profile?" (new NotFoundError("Could not open the file at C:\\Users\\kyler\\AppData\\Local\\Temp\\rust_mozprofilej0LdCo\\search.json.mozlz4", (void 0)))
1645174535713	Marionette	INFO	Listening on port 56943
1645174535929	RemoteAgent	WARN	TLS certificate errors will be ignored for this session
1645174599084	geckodriver	INFO	Listening on 127.0.0.1:57047
1645174602140	mozrunner::runner	INFO	Running command: "C:\\Program Files\\Mozilla Firefox\\firefox.exe" "--marionette" "-foreground" "-no-remote" "-profile" "C:\\Users\\kyler\\AppData\\Local\\Temp\\rust_mozprofilekwEvsB"
1645174602349	Marionette	INFO	Marionette enabled
console.warn: SearchSettings: "get: No settings file exists, new profile?" (new NotFoundError("Could not open the file at C:\\Users\\kyler\\AppData\\Local\\Temp\\rust_mozprofilekwEvsB\\search.json.mozlz4", (void 0)))
1645174603951	Marionette	INFO	Listening on port 57057
1645174604187	RemoteAgent	WARN	TLS certificate errors will be ignored for this session
1645174678285	geckodriver	INFO	Listening on 127.0.0.1:57154
1645174681318	mozrunner::runner	INFO	Running command: "C:\\Program Files\\Mozilla Firefox\\firefox.exe" "--marionette" "-foreground" "-no-remote" "-profile" "C:\\Users\\kyler\\AppData\\Local\\Temp\\rust_mozprofileRrt2qk"
1645174681530	Marionette	INFO	Marionette enabled
console.warn: SearchSettings: "get: No settings file exists, new profile?" (new NotFoundError("Could not open the file at C:\\Users\\kyler\\AppData\\Local\\Temp\\rust_mozprofileRrt2qk\\search.json.mozlz4", (void 0)))
1645174683248	Marionette	INFO	Listening on port 57162
1645174683354	RemoteAgent	WARN	TLS certificate errors will be ignored for this session
1645174863091	geckodriver	INFO	Listening on 127.0.0.1:57357
1645174866160	mozrunner::runner	INFO	Running command: "C:\\Program Files\\Mozilla Firefox\\firefox.exe" "--marionette" "-foreground" "-no-remote" "-profile" "C:\\Users\\kyler\\AppData\\Local\\Temp\\rust_mozprofilehc4kVI"
1645174866372	Marionette	INFO	Marionette enabled
console.warn: SearchSettings: "get: No settings file exists, new profile?" (new NotFoundError("Could not open the file at C:\\Users\\kyler\\AppData\\Local\\Temp\\rust_mozprofilehc4kVI\\search.json.mozlz4", (void 0)))
1645174867885	Marionette	INFO	Listening on port 57366
1645174868202	RemoteAgent	WARN	TLS certificate errors will be ignored for this session
1645174882900	Marionette	INFO	Stopped listening on port 57366

###!!! [Parent][PGPUParent] Error: RunMessage(msgname=PGPU::Msg_ShutdownVR) Channel closing: too late to send/recv, messages will be lost

1645174894693	geckodriver	INFO	Listening on 127.0.0.1:57455
1645174897759	mozrunner::runner	INFO	Running command: "C:\\Program Files\\Mozilla Firefox\\firefox.exe" "--marionette" "-foreground" "-no-remote" "-profile" "C:\\Users\\kyler\\AppData\\Local\\Temp\\rust_mozprofileX9tqMD"
1645174897965	Marionette	INFO	Marionette enabled
console.warn: SearchSettings: "get: No settings file exists, new profile?" (new NotFoundError("Could not open the file at C:\\Users\\kyler\\AppData\\Local\\Temp\\rust_mozprofileX9tqMD\\search.json.mozlz4", (void 0)))
1645174899533	Marionette	INFO	Listening on port 57463
1645174899800	RemoteAgent	WARN	TLS certificate errors will be ignored for this session
1645174902808	Marionette	INFO	Stopped listening on port 57463

###!!! [Parent][PGPUParent] Error: RunMessage(msgname=PGPU::Msg_ShutdownVR) Channel closing: too late to send/recv, messages will be lost

1645174916305	geckodriver	INFO	Listening on 127.0.0.1:57544
1645174919344	mozrunner::runner	INFO	Running command: "C:\\Program Files\\Mozilla Firefox\\firefox.exe" "--marionette" "-foreground" "-no-remote" "-profile" "C:\\Users\\kyler\\AppData\\Local\\Temp\\rust_mozprofilefRJhxr"
1645174919553	Marionette	INFO	Marionette enabled
console.warn: SearchSettings: "get: No settings file exists, new profile?" (new NotFoundError("Could not open the file at C:\\Users\\kyler\\AppData\\Local\\Temp\\rust_mozprofilefRJhxr\\search.json.mozlz4", (void 0)))
1645174921118	Marionette	INFO	Listening on port 57553
1645174921397	RemoteAgent	WARN	TLS certificate errors will be ignored for this session
1645174923331	Marionette	INFO	Stopped listening on port 57553

###!!! [Parent][PGPUParent] Error: RunMessage(msgname=PGPU::Msg_ShutdownVR) Channel closing: too late to send/recv, messages will be lost

1645175037713	geckodriver	INFO	Listening on 127.0.0.1:57693
1645175040769	mozrunner::runner	INFO	Running command: "C:\\Program Files\\Mozilla Firefox\\firefox.exe" "--marionette" "-foreground" "-no-remote" "-profile" "C:\\Users\\kyler\\AppData\\Local\\Temp\\rust_mozprofileytxbpd"
1645175040976	Marionette	INFO	Marionette enabled
console.warn: SearchSettings: "get: No settings file exists, new profile?" (new NotFoundError("Could not open the file at C:\\Users\\kyler\\AppData\\Local\\Temp\\rust_mozprofileytxbpd\\search.json.mozlz4", (void 0)))
1645175042460	Marionette	INFO	Listening on port 57701
1645175042811	RemoteAgent	WARN	TLS certificate errors will be ignored for this session
1645175182229	geckodriver	INFO	Listening on 127.0.0.1:58196
1645175185243	mozrunner::runner	INFO	Running command: "C:\\Program Files\\Mozilla Firefox\\firefox.exe" "--marionette" "-foreground" "-no-remote" "-profile" "C:\\Users\\kyler\\AppData\\Local\\Temp\\rust_mozprofile8r9kfZ"
1645175185471	Marionette	INFO	Marionette enabled
console.warn: SearchSettings: "get: No settings file exists, new profile?" (new NotFoundError("Could not open the file at C:\\Users\\kyler\\AppData\\Local\\Temp\\rust_mozprofile8r9kfZ\\search.json.mozlz4", (void 0)))
1645175187140	Marionette	INFO	Listening on port 55623
1645175187284	RemoteAgent	WARN	TLS certificate errors will be ignored for this session
1645175280794	geckodriver	INFO	Listening on 127.0.0.1:55804
1645175283838	mozrunner::runner	INFO	Running command: "C:\\Program Files\\Mozilla Firefox\\firefox.exe" "--marionette" "-foreground" "-no-remote" "-profile" "C:\\Users\\kyler\\AppData\\Local\\Temp\\rust_mozprofiledPAp9T"
1645175284054	Marionette	INFO	Marionette enabled
console.warn: SearchSettings: "get: No settings file exists, new profile?" (new NotFoundError("Could not open the file at C:\\Users\\kyler\\AppData\\Local\\Temp\\rust_mozprofiledPAp9T\\search.json.mozlz4", (void 0)))
1645175285648	Marionette	INFO	Listening on port 55812
1645175285873	RemoteAgent	WARN	TLS certificate errors will be ignored for this session
1645175288338	Marionette	INFO	Stopped listening on port 55812

###!!! [Parent][PGPUParent] Error: RunMessage(msgname=PGPU::Msg_ShutdownVR) Channel closing: too late to send/recv, messages will be lost

1645175686543	geckodriver	INFO	Listening on 127.0.0.1:56636
1645175689592	mozrunner::runner	INFO	Running command: "C:\\Program Files\\Mozilla Firefox\\firefox.exe" "--marionette" "-foreground" "-no-remote" "-profile" "C:\\Users\\kyler\\AppData\\Local\\Temp\\rust_mozprofilemUMrTh"
1645175689816	Marionette	INFO	Marionette enabled
console.warn: SearchSettings: "get: No settings file exists, new profile?" (new NotFoundError("Could not open the file at C:\\Users\\kyler\\AppData\\Local\\Temp\\rust_mozprofilemUMrTh\\search.json.mozlz4", (void 0)))
1645175691469	Marionette	INFO	Listening on port 56646
1645175691639	RemoteAgent	WARN	TLS certificate errors will be ignored for this session
1645175714041	geckodriver	INFO	Listening on 127.0.0.1:56826
1645175717076	mozrunner::runner	INFO	Running command: "C:\\Program Files\\Mozilla Firefox\\firefox.exe" "--marionette" "-foreground" "-no-remote" "-profile" "C:\\Users\\kyler\\AppData\\Local\\Temp\\rust_mozprofilelNKqvR"
1645175717298	Marionette	INFO	Marionette enabled
console.warn: SearchSettings: "get: No settings file exists, new profile?" (new NotFoundError("Could not open the file at C:\\Users\\kyler\\AppData\\Local\\Temp\\rust_mozprofilelNKqvR\\search.json.mozlz4", (void 0)))
1645175718933	Marionette	INFO	Listening on port 56834
1645175719117	RemoteAgent	WARN	TLS certificate errors will be ignored for this session
1645175722562	Marionette	INFO	Stopped listening on port 56834
1645176085213	geckodriver	INFO	Listening on 127.0.0.1:57725
1645176088244	mozrunner::runner	INFO	Running command: "C:\\Program Files\\Mozilla Firefox\\firefox.exe" "--marionette" "-foreground" "-no-remote" "-profile" "C:\\Users\\kyler\\AppData\\Local\\Temp\\rust_mozprofileEIujtT"
1645176088466	Marionette	INFO	Marionette enabled
console.warn: SearchSettings: "get: No settings file exists, new profile?" (new NotFoundError("Could not open the file at C:\\Users\\kyler\\AppData\\Local\\Temp\\rust_mozprofileEIujtT\\search.json.mozlz4", (void 0)))
1645176090110	Marionette	INFO	Listening on port 57737
1645176090286	RemoteAgent	WARN	TLS certificate errors will be ignored for this session
1645176092723	Marionette	INFO	Stopped listening on port 57737

###!!! [Parent][PGPUParent] Error: RunMessage(msgname=PGPU::Msg_ShutdownVR) Channel closing: too late to send/recv, messages will be lost

1645176148455	geckodriver	INFO	Listening on 127.0.0.1:57927
1645176151522	mozrunner::runner	INFO	Running command: "C:\\Program Files\\Mozilla Firefox\\firefox.exe" "--marionette" "-foreground" "-no-remote" "-profile" "C:\\Users\\kyler\\AppData\\Local\\Temp\\rust_mozprofileALvo12"
1645176151739	Marionette	INFO	Marionette enabled
console.warn: SearchSettings: "get: No settings file exists, new profile?" (new NotFoundError("Could not open the file at C:\\Users\\kyler\\AppData\\Local\\Temp\\rust_mozprofileALvo12\\search.json.mozlz4", (void 0)))
1645176153402	Marionette	INFO	Listening on port 57937
1645176153558	RemoteAgent	WARN	TLS certificate errors will be ignored for this session
1645176193663	geckodriver	INFO	Listening on 127.0.0.1:58106
1645176196694	mozrunner::runner	INFO	Running command: "C:\\Program Files\\Mozilla Firefox\\firefox.exe" "--marionette" "-foreground" "-no-remote" "-profile" "C:\\Users\\kyler\\AppData\\Local\\Temp\\rust_mozprofileAc0x01"
1645176196927	Marionette	INFO	Marionette enabled
console.warn: SearchSettings: "get: No settings file exists, new profile?" (new NotFoundError("Could not open the file at C:\\Users\\kyler\\AppData\\Local\\Temp\\rust_mozprofileAc0x01\\search.json.mozlz4", (void 0)))
1645176198587	Marionette	INFO	Listening on port 58133
1645176198727	RemoteAgent	WARN	TLS certificate errors will be ignored for this session
1645176200605	Marionette	INFO	Stopped listening on port 58133

###!!! [Parent][PGPUParent] Error: RunMessage(msgname=PGPU::Msg_ShutdownVR) Channel closing: too late to send/recv, messages will be lost

1645176371018	geckodriver	INFO	Listening on 127.0.0.1:55242
1645176374087	mozrunner::runner	INFO	Running command: "C:\\Program Files\\Mozilla Firefox\\firefox.exe" "--marionette" "-foreground" "-no-remote" "-profile" "C:\\Users\\kyler\\AppData\\Local\\Temp\\rust_mozprofileAmShui"
1645176374305	Marionette	INFO	Marionette enabled
console.warn: SearchSettings: "get: No settings file exists, new profile?" (new NotFoundError("Could not open the file at C:\\Users\\kyler\\AppData\\Local\\Temp\\rust_mozprofileAmShui\\search.json.mozlz4", (void 0)))
1645176375987	Marionette	INFO	Listening on port 55252
1645176376122	RemoteAgent	WARN	TLS certificate errors will be ignored for this session
1645176530197	geckodriver	INFO	Listening on 127.0.0.1:55553
1645176533236	mozrunner::runner	INFO	Running command: "C:\\Program Files\\Mozilla Firefox\\firefox.exe" "--marionette" "-foreground" "-no-remote" "-profile" "C:\\Users\\kyler\\AppData\\Local\\Temp\\rust_mozprofile4dv5Yq"
1645176533458	Marionette	INFO	Marionette enabled
console.warn: SearchSettings: "get: No settings file exists, new profile?" (new NotFoundError("Could not open the file at C:\\Users\\kyler\\AppData\\Local\\Temp\\rust_mozprofile4dv5Yq\\search.json.mozlz4", (void 0)))
1645176535219	Marionette	INFO	Listening on port 55562
1645176535278	RemoteAgent	WARN	TLS certificate errors will be ignored for this session
1645176624134	geckodriver	INFO	Listening on 127.0.0.1:55730
1645176627195	mozrunner::runner	INFO	Running command: "C:\\Program Files\\Mozilla Firefox\\firefox.exe" "--marionette" "-foreground" "-no-remote" "-profile" "C:\\Users\\kyler\\AppData\\Local\\Temp\\rust_mozprofile3m8ZVR"
1645176627422	Marionette	INFO	Marionette enabled
console.warn: SearchSettings: "get: No settings file exists, new profile?" (new NotFoundError("Could not open the file at C:\\Users\\kyler\\AppData\\Local\\Temp\\rust_mozprofile3m8ZVR\\search.json.mozlz4", (void 0)))
1645176629087	Marionette	INFO	Listening on port 55738
1645176629230	RemoteAgent	WARN	TLS certificate errors will be ignored for this session
1645176677202	geckodriver	INFO	Listening on 127.0.0.1:55913
1645176680223	mozrunner::runner	INFO	Running command: "C:\\Program Files\\Mozilla Firefox\\firefox.exe" "--marionette" "-foreground" "-no-remote" "-profile" "C:\\Users\\kyler\\AppData\\Local\\Temp\\rust_mozprofile0JQs3q"
1645176680450	Marionette	INFO	Marionette enabled
console.warn: SearchSettings: "get: No settings file exists, new profile?" (new NotFoundError("Could not open the file at C:\\Users\\kyler\\AppData\\Local\\Temp\\rust_mozprofile0JQs3q\\search.json.mozlz4", (void 0)))
1645176682145	Marionette	INFO	Listening on port 55921
1645176682261	RemoteAgent	WARN	TLS certificate errors will be ignored for this session
1645176683831	Marionette	INFO	Stopped listening on port 55921

###!!! [Parent][PGPUParent] Error: RunMessage(msgname=PGPU::Msg_ShutdownVR) Channel closing: too late to send/recv, messages will be lost

